Baseline of parallel test failures
Generated: Sat Apr 18 17:24:46 +01 2026
Repository: /Users/adam2/projects/bd-129-baseline
Branch: feature/bd-129-baseline

Commands executed:
1. Random parallel run 1: uv run --active pytest -n auto --dist=loadgroup --tb=no -q
2. Random parallel run 2: uv run --active pytest -n auto --dist=loadgroup --tb=no -q
3. Random parallel run 3: uv run --active pytest -n auto --dist=loadgroup --tb=no -q
4. Deterministic parallel run: uv run --active pytest -n auto --dist=loadgroup -p no:randomly --tb=no -q
5. Sequential run: uv run --active pytest -n0 --tb=no -q

Note: pytest-randomly is installed, so runs 1-3 have random test order.
Note: Used `uv run --active` to target the existing virtual environment and avoid build errors.

================================================================================
Results
================================================================================

Run 1 (random parallel):
  Command: uv run --active pytest -n auto --dist=loadgroup --tb=no -q
  Status: Timed out after 20 minutes (no completion)
  Failure count: Unknown (run did not finish)
  Failing test nodeids: None collected (run interrupted)

Run 2 (random parallel):
  Command: uv run --active pytest -n auto --dist=loadgroup --tb=no -q
  Status: Timed out after 20 minutes (no completion)
  Failure count: Unknown (run did not finish)
  Failing test nodeids: None collected (run interrupted)

Run 3 (random parallel):
  Command: uv run --active pytest -n auto --dist=loadgroup --tb=no -q
  Status: Timed out after 20 minutes (no completion)
  Failure count: Unknown (run did not finish)
  Failing test nodeids: None collected (run interrupted)

Deterministic parallel run:
  Command: uv run --active pytest -n auto --dist=loadgroup -p no:randomly --tb=no -q
  Status: Timed out after 20 minutes (no completion)
  Failure count: Unknown (run did not finish)
  Failing test nodeids: None collected (run interrupted)

Union of ALL failing test nodeids across all 4 parallel runs:
  No data collected (all runs timed out).

Tests that failed in ALL 3 random-order runs:
  No data collected.

Tests that failed in only SOME runs:
  No data collected.

Sequential run:
  Command: uv run --active pytest -n0 --tb=no -q
  Status: Timed out after 20 minutes (no completion)
  Pass count: Unknown
  Fail count: Unknown
  Failing tests: None collected (run interrupted)

================================================================================
Summary Statistics
================================================================================

Total tests collected: 14895 (from --collect-only)
Parallel workers used: auto (likely 10 based on CPU count)
Observations:
- All runs timed out after 20 minutes without completing.
- The test suite appears to hang, possibly due to tests that block indefinitely.
- Progress indicators show tests running up to ~99% but never finishing.
- Many failures (F) and errors (E) observed in output before timeout.
- No summary data available due to incomplete runs.

Recommendations:
- Investigate hanging tests (maybe related to async mocks, PTY manager, or queue operations).
- Consider running with --timeout=300 to force termination of long-running tests.
- Run with -v --tb=short to capture more details on failures.
- Use --maxfail=N to stop after N failures for quicker feedback.

================================================================================
End of baseline